<?xml version="1.0" encoding="UTF-8"?>
<!-- Generated by org.testng.reporters.JUnitReportReporter -->
<testsuite hostname="DESKTOP-KIQOVS2" failures="0" tests="6" name="testCases.TC003_LoginDDT" time="41.276" errors="0" timestamp="2024-12-23T07:32:33 EST" skipped="0">
  <testcase classname="testCases.TC003_LoginDDT" name="verify_loginDDT" time="2.207"/>
  <testcase classname="testCases.TC003_LoginDDT" name="verify_loginDDT" time="11.446"/>
  <testcase classname="testCases.TC003_LoginDDT" name="verify_loginDDT" time="11.654"/>
  <testcase classname="testCases.TC003_LoginDDT" name="verify_loginDDT" time="2.114"/>
  <testcase classname="testCases.TC003_LoginDDT" name="verify_loginDDT" time="2.650"/>
  <testcase classname="testCases.TC003_LoginDDT" name="verify_loginDDT" time="11.205"/>
</testsuite> <!-- testCases.TC003_LoginDDT -->
