<?xml version="1.0" encoding="UTF-8"?>
<!-- Generated by org.testng.reporters.JUnitReportReporter -->
<testsuite hostname="DESKTOP-KIQOVS2" failures="0" tests="1" name="testCases.TC004_AddressBookTest" time="4.805" errors="0" timestamp="2025-02-25T21:19:09 EST" skipped="0">
  <testcase classname="testCases.TC004_AddressBookTest" name="verifyAddressBook" time="4.805"/>
</testsuite> <!-- testCases.TC004_AddressBookTest -->
