<?xml version="1.0" encoding="UTF-8"?>
<!-- Generated by org.testng.reporters.JUnitReportReporter -->
<testsuite hostname="DESKTOP-KIQOVS2" failures="0" tests="1" name="testCases.TC004_AddressBookTest" time="4.207" errors="0" timestamp="2025-03-06T19:24:37 EST" skipped="0">
  <testcase classname="testCases.TC004_AddressBookTest" name="verifyAddressBook" time="4.207"/>
</testsuite> <!-- testCases.TC004_AddressBookTest -->
